[18Apr2022 00:00:01.556] [Server thread/INFO] [net.minecraft.server.dedicated.DedicatedServer/]: Gave 1    [Granite] to Ellariana
[18Apr2022 00:00:21.860] [Server thread/ERROR] [net.minecraft.village.PointOfInterestData/]: POI data mismatch: never registered at BlockPos{x=130, y=15, z=-5573}
[18Apr2022 00:02:04.339] [Server thread/ERROR] [net.minecraft.util.registry.WorldSettingsImport/]: Error adding element: Value 10 outside of range [0:7]
[18Apr2022 00:02:04.575] [Server thread/ERROR] [net.minecraft.util.registry.WorldSettingsImport/]: Error adding element: Value 10 outside of range [0:7]
[18Apr2022 00:02:04.855] [Server thread/ERROR] [net.minecraft.util.registry.WorldSettingsImport/]: Error adding element: Value 10 outside of range [0:7]
[18Apr2022 00:02:05.141] [Server thread/ERROR] [net.minecraft.util.registry.WorldSettingsImport/]: Error adding element: Value 10 outside of range [0:7]
[18Apr2022 00:04:02.407] [Server thread/INFO] [net.minecraft.server.dedicated.DedicatedServer/]: Gave 64    [Oak Log] to Ellariana
[18Apr2022 00:04:46.037] [Server thread/WARN] [net.minecraft.network.play.ServerPlayNetHandler/]: KirbyPaint moved wrongly!
[18Apr2022 00:05:09.757] [Server thread/ERROR] [net.minecraft.village.PointOfInterestData/]: POI data mismatch: never registered at BlockPos{x=789, y=15, z=-6372}
[18Apr2022 00:05:09.758] [Server thread/ERROR] [net.minecraft.village.PointOfInterestData/]: POI data mismatch: never registered at BlockPos{x=790, y=15, z=-6373}
[18Apr2022 00:05:10.000] [Server thread/ERROR] [net.minecraft.village.PointOfInterestData/]: POI data mismatch: never registered at BlockPos{x=786, y=15, z=-6373}
[18Apr2022 00:05:10.001] [Server thread/ERROR] [net.minecraft.village.PointOfInterestData/]: POI data mismatch: never registered at BlockPos{x=787, y=15, z=-6372}
[18Apr2022 00:05:10.001] [Server thread/ERROR] [net.minecraft.village.PointOfInterestData/]: POI data mismatch: never registered at BlockPos{x=789, y=15, z=-6373}
[18Apr2022 00:05:10.001] [Server thread/ERROR] [net.minecraft.village.PointOfInterestData/]: POI data mismatch: never registered at BlockPos{x=788, y=15, z=-6372}
[18Apr2022 00:05:10.001] [Server thread/ERROR] [net.minecraft.village.PointOfInterestData/]: POI data mismatch: never registered at BlockPos{x=790, y=15, z=-6374}
[18Apr2022 00:05:10.250] [Server thread/ERROR] [net.minecraft.village.PointOfInterestData/]: POI data mismatch: never registered at BlockPos{x=786, y=15, z=-6374}
[18Apr2022 00:05:10.250] [Server thread/ERROR] [net.minecraft.village.PointOfInterestData/]: POI data mismatch: never registered at BlockPos{x=787, y=15, z=-6373}
[18Apr2022 00:05:10.250] [Server thread/ERROR] [net.minecraft.village.PointOfInterestData/]: POI data mismatch: never registered at BlockPos{x=789, y=15, z=-6374}
[18Apr2022 00:05:10.250] [Server thread/ERROR] [net.minecraft.village.PointOfInterestData/]: POI data mismatch: never registered at BlockPos{x=788, y=15, z=-6373}
[18Apr2022 00:05:10.501] [Server thread/ERROR] [net.minecraft.village.PointOfInterestData/]: POI data mismatch: never registered at BlockPos{x=786, y=15, z=-6375}
[18Apr2022 00:05:10.501] [Server thread/ERROR] [net.minecraft.village.PointOfInterestData/]: POI data mismatch: never registered at BlockPos{x=787, y=15, z=-6374}
[18Apr2022 00:05:10.501] [Server thread/ERROR] [net.minecraft.village.PointOfInterestData/]: POI data mismatch: never registered at BlockPos{x=789, y=15, z=-6375}
[18Apr2022 00:05:10.501] [Server thread/ERROR] [net.minecraft.village.PointOfInterestData/]: POI data mismatch: never registered at BlockPos{x=788, y=15, z=-6374}
[18Apr2022 00:05:10.750] [Server thread/ERROR] [net.minecraft.village.PointOfInterestData/]: POI data mismatch: never registered at BlockPos{x=787, y=15, z=-6375}
[18Apr2022 00:05:10.750] [Server thread/ERROR] [net.minecraft.village.PointOfInterestData/]: POI data mismatch: never registered at BlockPos{x=788, y=15, z=-6375}
[18Apr2022 00:05:11.000] [Server thread/ERROR] [net.minecraft.village.PointOfInterestData/]: POI data mismatch: never registered at BlockPos{x=787, y=15, z=-6376}
[18Apr2022 00:05:11.000] [Server thread/ERROR] [net.minecraft.village.PointOfInterestData/]: POI data mismatch: never registered at BlockPos{x=788, y=15, z=-6376}
[18Apr2022 00:05:17.585] [Server thread/INFO] [net.minecraft.server.dedicated.DedicatedServer/]: <Ellariana> :D thanks
[18Apr2022 00:05:20.837] [Server thread/INFO] [net.minecraft.server.dedicated.DedicatedServer/]: <KirbyPaint> lol yw
[18Apr2022 00:05:50.625] [Server thread/INFO] [net.minecraft.server.dedicated.DedicatedServer/]: <KirbyPaint> :D i was just listening to this one
[18Apr2022 00:06:01.685] [Server thread/INFO] [net.minecraft.server.dedicated.DedicatedServer/]: <KirbyPaint> someone played Cat in the tower
[18Apr2022 00:06:26.022] [Server thread/INFO] [net.minecraft.server.dedicated.DedicatedServer/]: <Ellariana> cats the best
[18Apr2022 00:06:42.305] [Server thread/INFO] [com.infamous.dungeons_mobs.DungeonsMobs/]: Converted SkeletonEntity['Skeleton'/82314, l='ServerLevel[Mythica]', x=934.45, y=59.00, z=-8328.50] to SunkenSkeletonEntity['Sunken Skeleton'/82922, l='ServerLevel[Mythica]', x=934.45, y=59.00, z=-8328.50]
[18Apr2022 00:07:04.622] [Server thread/ERROR] [net.minecraft.util.registry.WorldSettingsImport/]: Error adding element: Value 10 outside of range [0:7]
[18Apr2022 00:07:04.849] [Server thread/ERROR] [net.minecraft.util.registry.WorldSettingsImport/]: Error adding element: Value 10 outside of range [0:7]
[18Apr2022 00:07:05.079] [Server thread/ERROR] [net.minecraft.util.registry.WorldSettingsImport/]: Error adding element: Value 10 outside of range [0:7]
[18Apr2022 00:07:05.309] [Server thread/ERROR] [net.minecraft.util.registry.WorldSettingsImport/]: Error adding element: Value 10 outside of range [0:7]
[18Apr2022 00:08:30.053] [Server thread/INFO] [randompatches/]: Changing UUID of duplicate entity minecraft:chicken from e9bbc758-01dd-4365-9eb3-a24e7bec2668 to 5b11a022-9b57-4106-ae59-19236418885b
[18Apr2022 00:08:30.053] [Server thread/INFO] [randompatches/]: Changing UUID of duplicate entity minecraft:chicken from 0c36f69c-f2d6-4352-b9a1-8e8fc369c646 to 7a24551f-e4be-4a87-9616-d8dd60d2dd35
[18Apr2022 00:08:30.053] [Server thread/INFO] [randompatches/]: Changing UUID of duplicate entity minecraft:chicken from dfda8b0c-a3db-43e0-9003-f00c08cc3a0f to 9ac71fc3-0bf2-4f2a-b32a-d9ce21b96419
[18Apr2022 00:08:30.053] [Server thread/INFO] [randompatches/]: Changing UUID of duplicate entity quark:frog from 20037940-d7bb-4757-9b82-5ec26fa9b407 to 0423662e-bfe7-4493-a602-c326f05a067d
[18Apr2022 00:08:30.053] [Server thread/INFO] [randompatches/]: Changing UUID of duplicate entity quark:frog from d2976954-220b-4fb5-865a-f8abd37a2908 to 34ec25a4-3a04-4f78-b83a-8fa4e2d74210
[18Apr2022 00:08:30.092] [Server thread/INFO] [randompatches/]: Changing UUID of duplicate entity minecraft:chest_minecart from 2a447869-392b-4bf4-9475-05647d6707bd to 10b01a6c-d824-47bb-ae5d-d214b070eceb
[18Apr2022 00:08:53.718] [Server thread/INFO] [randompatches/]: Changing UUID of duplicate entity betteranimalsplus:songbird from b1f3e197-21ff-4207-9070-647577a74cf7 to 364c01fb-c3d6-49bb-90da-3e1a74588906
[18Apr2022 00:08:53.718] [Server thread/INFO] [randompatches/]: Changing UUID of duplicate entity betteranimalsplus:badger from d75d50c6-b591-439d-9855-652fd62d076b to 3e3c5b53-0236-48e6-a28b-792dacb2daec
[18Apr2022 00:08:53.718] [Server thread/INFO] [randompatches/]: Changing UUID of duplicate entity betteranimalsplus:badger from e942ac79-286f-4260-b6fd-9958a3082616 to c1a049a4-2efc-4792-ab44-77e6538fb7b2
[18Apr2022 00:11:06.662] [Server thread/INFO] [net.minecraft.server.dedicated.DedicatedServer/]: <ASwarmOfBees> anybody wanna fight an iron slime
[18Apr2022 00:11:22.683] [Server thread/INFO] [net.minecraft.server.dedicated.DedicatedServer/]: <KirbyPaint> 1 sec
[18Apr2022 00:11:48.685] [Server thread/WARN] [net.minecraft.network.play.ServerPlayNetHandler/]: KirbyPaint moved too quickly! 267.9042901049854,-45.0,3125.447391130265
[18Apr2022 00:11:57.017] [Server thread/INFO] [net.minecraft.server.dedicated.DedicatedServer/]: <KirbyPaint> y
[18Apr2022 00:12:04.859] [Server thread/ERROR] [net.minecraft.util.registry.WorldSettingsImport/]: Error adding element: Value 10 outside of range [0:7]
[18Apr2022 00:12:05.114] [Server thread/ERROR] [net.minecraft.util.registry.WorldSettingsImport/]: Error adding element: Value 10 outside of range [0:7]
[18Apr2022 00:12:05.380] [Server thread/ERROR] [net.minecraft.util.registry.WorldSettingsImport/]: Error adding element: Value 10 outside of range [0:7]
[18Apr2022 00:12:05.611] [Server thread/ERROR] [net.minecraft.util.registry.WorldSettingsImport/]: Error adding element: Value 10 outside of range [0:7]
[18Apr2022 00:12:05.843] [Server thread/INFO] [net.minecraft.server.dedicated.DedicatedServer/]: <Ellariana> one sec
[18Apr2022 00:12:05.845] [Server thread/WARN] [net.minecraft.server.MinecraftServer/]: Can't keep up! Is the server overloaded? Running 2045ms or 40 ticks behind
[18Apr2022 00:12:35.195] [Server thread/INFO] [net.minecraft.server.dedicated.DedicatedServer/]: <ASwarmOfBees> waaaait
[18Apr2022 00:12:46.764] [Server thread/INFO] [net.minecraft.server.dedicated.DedicatedServer/]: <KirbyPaint> its ok i did nothing
[18Apr2022 00:12:49.137] [Server thread/INFO] [harmonised.pmmo.network.MessageLevelUp/]: KirbyPaint has reached level 41 in archery! [minecraft:overworld|x:1323.06|y:34.00|z:-4987.29]
[18Apr2022 00:13:31.121] [Server thread/INFO] [net.minecraft.server.dedicated.DedicatedServer/]: <ASwarmOfBees> lol
[18Apr2022 00:13:43.712] [Server thread/INFO] [net.minecraft.server.dedicated.DedicatedServer/]: <ASwarmOfBees> we now have 4 lost eye
[18Apr2022 00:13:47.637] [Server thread/INFO] [net.minecraft.server.dedicated.DedicatedServer/]: <KirbyPaint> kewl
[18Apr2022 00:14:23.368] [Server thread/INFO] [net.minecraft.server.dedicated.DedicatedServer/]: <Ellariana> hmm
[18Apr2022 00:14:23.968] [Server thread/INFO] [net.minecraft.server.dedicated.DedicatedServer/]: <ASwarmOfBees> it appears to not care about us
[18Apr2022 00:14:30.192] [Server thread/INFO] [net.minecraft.server.dedicated.DedicatedServer/]: <Ellariana> maybe we have to do seomthing special
[18Apr2022 00:14:31.735] [Server thread/INFO] [net.minecraft.server.dedicated.DedicatedServer/]: <KirbyPaint> im using entangle spell
[18Apr2022 00:14:34.823] [Server thread/INFO] [net.minecraft.server.dedicated.DedicatedServer/]: <KirbyPaint> to hold it still
[18Apr2022 00:15:57.405] [Server thread/INFO] [net.minecraft.server.dedicated.DedicatedServer/]: Ellariana has made the advancement [The Miner]
[18Apr2022 00:16:03.690] [Server thread/INFO] [net.minecraft.server.dedicated.DedicatedServer/]: <Ellariana> nice :D
[18Apr2022 00:16:04.967] [Server thread/INFO] [net.minecraft.server.dedicated.DedicatedServer/]: <ASwarmOfBees> ow
[18Apr2022 00:16:06.207] [Server thread/INFO] [net.minecraft.server.dedicated.DedicatedServer/]: <Ellariana> thats cool
[18Apr2022 00:16:10.528] [Server thread/INFO] [net.minecraft.server.dedicated.DedicatedServer/]: <Ellariana> owe indeed
[18Apr2022 00:16:16.125] [Server thread/INFO] [net.minecraft.server.dedicated.DedicatedServer/]: <KirbyPaint> what is it
[18Apr2022 00:16:21.392] [Server thread/INFO] [net.minecraft.server.dedicated.DedicatedServer/]: <ASwarmOfBees> whatd you get
[18Apr2022 00:16:21.728] [Server thread/INFO] [net.minecraft.server.dedicated.DedicatedServer/]: <Ellariana> all trhese bosses will have some sort of thing to do like that
[18Apr2022 00:16:31.258] [Server thread/INFO] [net.minecraft.server.dedicated.DedicatedServer/]: <Ellariana> i got dis
[18Apr2022 00:16:35.131] [Server thread/INFO] [net.minecraft.server.dedicated.DedicatedServer/]: <Ellariana>    [Ore Detector]
[18Apr2022 00:16:46.131] [Server thread/INFO] [net.minecraft.server.dedicated.DedicatedServer/]: <Ellariana>    [Forgotten Foreman's Pickaxe]
[18Apr2022 00:16:55.307] [Server thread/INFO] [net.minecraft.server.dedicated.DedicatedServer/]: <Ellariana> and 3 slime balls
[18Apr2022 00:17:00.234] [Server thread/INFO] [net.minecraft.server.dedicated.DedicatedServer/]: <Ellariana> yall want either of those?
[18Apr2022 00:17:06.144] [Server thread/ERROR] [net.minecraft.util.registry.WorldSettingsImport/]: Error adding element: Value 10 outside of range [0:7]
[18Apr2022 00:17:06.377] [Server thread/ERROR] [net.minecraft.util.registry.WorldSettingsImport/]: Error adding element: Value 10 outside of range [0:7]
[18Apr2022 00:17:06.603] [Server thread/ERROR] [net.minecraft.util.registry.WorldSettingsImport/]: Error adding element: Value 10 outside of range [0:7]
[18Apr2022 00:17:06.835] [Server thread/ERROR] [net.minecraft.util.registry.WorldSettingsImport/]: Error adding element: Value 10 outside of range [0:7]
[18Apr2022 00:17:14.042] [Server thread/INFO] [net.minecraft.server.dedicated.DedicatedServer/]: <KirbyPaint> yeah sure i will take the ore detector
[18Apr2022 00:17:37.332] [Server thread/INFO] [harmonised.pmmo.network.MessageLevelUp/]: ASwarmOfBees has reached level 51 in endurance! [minecraft:overworld|x:1318.17|y:34.00|z:-4992.21]
[18Apr2022 00:18:15.016] [Server thread/WARN] [net.minecraft.network.play.ServerPlayNetHandler/]: KirbyPaint moved too quickly! -286.2314134528567,79.0,-3122.0258188608477
[18Apr2022 00:18:30.029] [Server thread/INFO] [net.minecraft.server.dedicated.DedicatedServer/]: <Ellariana> kk ill port back and hand it off
[18Apr2022 00:18:33.492] [Server thread/INFO] [net.minecraft.server.dedicated.DedicatedServer/]: <Ellariana> sorry was reading somethin
[18Apr2022 00:18:38.242] [Server thread/INFO] [net.minecraft.server.dedicated.DedicatedServer/]: <KirbyPaint> oh lol
[18Apr2022 00:20:13.728] [Server thread/WARN] [net.minecraft.network.play.ServerPlayNetHandler/]: Ellariana moved too quickly! -353.1572854430401,72.0,-3248.200737635316
[18Apr2022 00:20:46.606] [Server thread/INFO] [net.minecraft.server.dedicated.DedicatedServer/]: <Ellariana> here you go
[18Apr2022 00:21:04.525] [Server thread/INFO] [net.minecraft.server.dedicated.DedicatedServer/]: <KirbyPaint> tyty
[18Apr2022 00:21:06.505] [Server thread/INFO] [net.minecraft.network.play.ServerPlayNetHandler/]: KirbyPaint lost connection: Disconnected
[18Apr2022 00:21:06.505] [Server thread/INFO] [net.minecraft.server.dedicated.DedicatedServer/]: KirbyPaint left the game
[18Apr2022 00:22:00.530] [Server thread/WARN] [net.minecraft.world.chunk.Chunk/]: Tried to load a DUMMY block entity @ BlockPos{x=1355, y=15, z=-6187} but found not block entity block Block{minecraft:redstone_ore}[lit=false] at location
[18Apr2022 00:22:00.530] [Server thread/WARN] [net.minecraft.world.chunk.Chunk/]: Tried to load a block entity for block Block{minecraft:redstone_ore}[lit=false] but failed at location BlockPos{x=1355, y=15, z=-6187}
[18Apr2022 00:22:00.530] [Server thread/WARN] [net.minecraft.world.chunk.Chunk/]: Tried to load a DUMMY block entity @ BlockPos{x=1348, y=21, z=-6188} but found not block entity block Block{minecraft:water}[level=0] at location
[18Apr2022 00:22:00.530] [Server thread/WARN] [net.minecraft.world.chunk.Chunk/]: Tried to load a block entity for block Block{minecraft:water}[level=0] but failed at location BlockPos{x=1348, y=21, z=-6188}
[18Apr2022 00:22:00.530] [Server thread/WARN] [net.minecraft.world.chunk.Chunk/]: Tried to load a DUMMY block entity @ BlockPos{x=1354, y=15, z=-6178} but found not block entity block Block{quark:deepslate}[axis=y] at location
[18Apr2022 00:22:00.530] [Server thread/WARN] [net.minecraft.world.chunk.Chunk/]: Tried to load a block entity for block Block{quark:deepslate}[axis=y] but failed at location BlockPos{x=1354, y=15, z=-6178}
[18Apr2022 00:22:00.967] [Server thread/WARN] [net.minecraft.world.chunk.Chunk/]: Tried to load a DUMMY block entity @ BlockPos{x=1358, y=16, z=-6194} but found not block entity block Block{quark:deepslate}[axis=y] at location
[18Apr2022 00:22:00.967] [Server thread/WARN] [net.minecraft.world.chunk.Chunk/]: Tried to load a block entity for block Block{quark:deepslate}[axis=y] but failed at location BlockPos{x=1358, y=16, z=-6194}
[18Apr2022 00:22:00.967] [Server thread/WARN] [net.minecraft.world.chunk.Chunk/]: Tried to load a DUMMY block entity @ BlockPos{x=1347, y=26, z=-6193} but found not block entity block Block{minecraft:water}[level=0] at location
[18Apr2022 00:22:00.967] [Server thread/WARN] [net.minecraft.world.chunk.Chunk/]: Tried to load a block entity for block Block{minecraft:water}[level=0] but failed at location BlockPos{x=1347, y=26, z=-6193}
[18Apr2022 00:22:07.188] [Server thread/WARN] [net.minecraft.world.chunk.Chunk/]: Tried to load a DUMMY block entity @ BlockPos{x=1370, y=15, z=-6180} but found not block entity block Block{quark:deepslate}[axis=y] at location
[18Apr2022 00:22:07.188] [Server thread/WARN] [net.minecraft.world.chunk.Chunk/]: Tried to load a block entity for block Block{quark:deepslate}[axis=y] but failed at location BlockPos{x=1370, y=15, z=-6180}
[18Apr2022 00:22:07.188] [Server thread/WARN] [net.minecraft.world.chunk.Chunk/]: Tried to load a DUMMY block entity @ BlockPos{x=1371, y=16, z=-6180} but found not block entity block Block{quark:deepslate}[axis=y] at location
[18Apr2022 00:22:07.188] [Server thread/WARN] [net.minecraft.world.chunk.Chunk/]: Tried to load a block entity for block Block{quark:deepslate}[axis=y] but failed at location BlockPos{x=1371, y=16, z=-6180}
[18Apr2022 00:22:07.188] [Server thread/WARN] [net.minecraft.world.chunk.Chunk/]: Tried to load a DUMMY block entity @ BlockPos{x=1364, y=15, z=-6180} but found not block entity block Block{quark:deepslate}[axis=y] at location
[18Apr2022 00:22:07.188] [Server thread/WARN] [net.minecraft.world.chunk.Chunk/]: Tried to load a block entity for block Block{quark:deepslate}[axis=y] but failed at location BlockPos{x=1364, y=15, z=-6180}
[18Apr2022 00:22:07.188] [Server thread/WARN] [net.minecraft.world.chunk.Chunk/]: Tried to load a DUMMY block entity @ BlockPos{x=1371, y=17, z=-6186} but found not block entity block Block{quark:deepslate}[axis=y] at location
[18Apr2022 00:22:07.188] [Server thread/WARN] [net.minecraft.world.chunk.Chunk/]: Tried to load a block entity for block Block{quark:deepslate}[axis=y] but failed at location BlockPos{x=1371, y=17, z=-6186}
[18Apr2022 00:22:07.188] [Server thread/WARN] [net.minecraft.world.chunk.Chunk/]: Tried to load a DUMMY block entity @ BlockPos{x=1362, y=15, z=-6179} but found not block entity block Block{quark:deepslate}[axis=y] at location
[18Apr2022 00:22:07.188] [Server thread/WARN] [net.minecraft.world.chunk.Chunk/]: Tried to load a block entity for block Block{quark:deepslate}[axis=y] but failed at location BlockPos{x=1362, y=15, z=-6179}
[18Apr2022 00:22:07.188] [Server thread/WARN] [net.minecraft.world.chunk.Chunk/]: Tried to load a DUMMY block entity @ BlockPos{x=1369, y=17, z=-6188} but found not block entity block Block{quark:deepslate}[axis=y] at location
[18Apr2022 00:22:07.188] [Server thread/WARN] [net.minecraft.world.chunk.Chunk/]: Tried to load a block entity for block Block{quark:deepslate}[axis=y] but failed at location BlockPos{x=1369, y=17, z=-6188}
[18Apr2022 00:22:07.188] [Server thread/WARN] [net.minecraft.world.chunk.Chunk/]: Tried to load a DUMMY block entity @ BlockPos{x=1366, y=15, z=-6185} but found not block entity block Block{goblinsanddungeons:scoria} at location
[18Apr2022 00:22:07.188] [Server thread/WARN] [net.minecraft.world.chunk.Chunk/]: Tried to load a block entity for block Block{goblinsanddungeons:scoria} but failed at location BlockPos{x=1366, y=15, z=-6185}
[18Apr2022 00:22:07.189] [Server thread/WARN] [net.minecraft.world.chunk.Chunk/]: Tried to load a DUMMY block entity @ BlockPos{x=1361, y=15, z=-6184} but found not block entity block Block{quark:smooth_basalt} at location
[18Apr2022 00:22:07.189] [Server thread/WARN] [net.minecraft.world.chunk.Chunk/]: Tried to load a block entity for block Block{quark:smooth_basalt} but failed at location BlockPos{x=1361, y=15, z=-6184}
[18Apr2022 00:22:07.230] [Server thread/WARN] [net.minecraft.world.chunk.Chunk/]: Tried to load a DUMMY block entity @ BlockPos{x=1361, y=16, z=-6193} but found not block entity block Block{goblinsanddungeons:scoria} at location
[18Apr2022 00:22:07.230] [Server thread/WARN] [net.minecraft.world.chunk.Chunk/]: Tried to load a block entity for block Block{goblinsanddungeons:scoria} but failed at location BlockPos{x=1361, y=16, z=-6193}
[18Apr2022 00:22:07.230] [Server thread/WARN] [net.minecraft.world.chunk.Chunk/]: Tried to load a DUMMY block entity @ BlockPos{x=1360, y=27, z=-6198} but found not block entity block Block{goblinsanddungeons:scoria} at location
[18Apr2022 00:22:07.230] [Server thread/WARN] [net.minecraft.world.chunk.Chunk/]: Tried to load a block entity for block Block{goblinsanddungeons:scoria} but failed at location BlockPos{x=1360, y=27, z=-6198}
[18Apr2022 00:22:07.715] [Server thread/ERROR] [net.minecraft.util.registry.WorldSettingsImport/]: Error adding element: Value 10 outside of range [0:7]
[18Apr2022 00:22:07.941] [Server thread/ERROR] [net.minecraft.util.registry.WorldSettingsImport/]: Error adding element: Value 10 outside of range [0:7]
[18Apr2022 00:22:08.170] [Server thread/ERROR] [net.minecraft.util.registry.WorldSettingsImport/]: Error adding element: Value 10 outside of range [0:7]
[18Apr2022 00:22:08.395] [Server thread/ERROR] [net.minecraft.util.registry.WorldSettingsImport/]: Error adding element: Value 10 outside of range [0:7]
[18Apr2022 00:22:08.632] [Server thread/WARN] [net.minecraft.server.MinecraftServer/]: Can't keep up! Is the server overloaded? Running 2833ms or 56 ticks behind
[18Apr2022 00:22:09.470] [Server thread/INFO] [randompatches/]: Changing UUID of duplicate entity minecraft:chest_minecart from f15c6256-eae7-4aa5-a60c-3bee8875c0a9 to 13b57d3b-33a2-480d-883a-eb794ebc3e25
[18Apr2022 00:22:09.470] [Server thread/INFO] [randompatches/]: Changing UUID of duplicate entity iceandfire:hippocampus from 21eda996-b125-4bea-8779-3b419e49795f to 91af469b-5e64-4af2-8f7d-8381e0e2ef42
[18Apr2022 00:22:22.706] [Server thread/INFO] [randompatches/]: Changing UUID of duplicate entity betteranimalsplus:deer from 44657e10-c872-4bd1-b32e-bb717a9591fe to c64937e6-c4d4-4ebe-b6e6-080435b059ea
[18Apr2022 00:22:33.112] [Server thread/INFO] [randompatches/]: Changing UUID of duplicate entity minecraft:item from 0358aae4-ce57-4491-b622-934c786a33a4 to 6997f884-2122-44a2-9684-8faf7aea4dd6
[18Apr2022 00:22:33.112] [Server thread/INFO] [randompatches/]: Changing UUID of duplicate entity minecraft:item from 2c478630-a3ba-4a7b-86e7-62ac011daedf to 78a12efa-b019-4e9a-8a91-566154d2c9c7
[18Apr2022 00:22:33.112] [Server thread/INFO] [randompatches/]: Changing UUID of duplicate entity minecraft:item from eb057940-7837-431e-ad50-0d9148b8653e to 556da522-ae81-4abd-adc6-f7ee6c0f1902
[18Apr2022 00:22:33.114] [Server thread/INFO] [randompatches/]: Changing UUID of duplicate entity minecraft:item from 20b12e43-578b-41b8-870e-30cbf77c7c1b to 95d70a7e-2f92-4fd6-aadf-132399ded3fb
[18Apr2022 00:22:33.114] [Server thread/INFO] [randompatches/]: Changing UUID of duplicate entity minecraft:item from e418331c-562b-43b1-bb09-f3d9664ccb27 to ff84f8e3-390a-4f34-8707-99090bf5b850
[18Apr2022 00:22:33.114] [Server thread/INFO] [randompatches/]: Changing UUID of duplicate entity betteranimalsplus:coyote from 792d58fe-fdd9-4627-8481-4ec3d84587dd to 30a31f5c-8575-4fbe-97c7-4c6607068bf8
[18Apr2022 00:22:37.274] [Server thread/WARN] [net.minecraft.world.chunk.Chunk/]: Tried to load a DUMMY block entity @ BlockPos{x=1168, y=0, z=-7354} but found not block entity block Block{minecraft:bedrock} at location
[18Apr2022 00:22:37.274] [Server thread/WARN] [net.minecraft.world.chunk.Chunk/]: Tried to load a block entity for block Block{minecraft:bedrock} but failed at location BlockPos{x=1168, y=0, z=-7354}
[18Apr2022 00:22:37.274] [Server thread/WARN] [net.minecraft.world.chunk.Chunk/]: Tried to load a DUMMY block entity @ BlockPos{x=1168, y=0, z=-7350} but found not block entity block Block{minecraft:bedrock} at location
[18Apr2022 00:22:37.274] [Server thread/WARN] [net.minecraft.world.chunk.Chunk/]: Tried to load a block entity for block Block{minecraft:bedrock} but failed at location BlockPos{x=1168, y=0, z=-7350}
[18Apr2022 00:22:37.637] [Server thread/INFO] [randompatches/]: Changing UUID of duplicate entity betteranimalsplus:squirrel from d3d10367-c7c1-4bd0-8d74-2b1509e9beb1 to c914b753-7f86-464a-a92c-3587953c7fbc
[18Apr2022 00:22:58.538] [Server thread/WARN] [net.minecraft.world.chunk.Chunk/]: Tried to load a DUMMY block entity @ BlockPos{x=1221, y=0, z=-7412} but found not block entity block Block{minecraft:bedrock} at location
[18Apr2022 00:22:58.538] [Server thread/WARN] [net.minecraft.world.chunk.Chunk/]: Tried to load a block entity for block Block{minecraft:bedrock} but failed at location BlockPos{x=1221, y=0, z=-7412}
[18Apr2022 00:22:59.484] [Server thread/INFO] [randompatches/]: Changing UUID of duplicate entity dungeonsmod:pitcher from 10c0ff0d-e40e-4495-ab75-269c2b11e478 to 1d87a7e8-0b37-4f2e-8587-0e44ffc3c4e5
[18Apr2022 00:22:59.568] [Server thread/INFO] [randompatches/]: Changing UUID of duplicate entity betteranimalsplus:feralwolf from 0caa8e3c-381c-414e-bcac-7d229f49c190 to c70bfba4-6828-4d16-b2a2-ea3cf7594a36
[18Apr2022 00:22:59.568] [Server thread/INFO] [randompatches/]: Changing UUID of duplicate entity betteranimalsplus:feralwolf from 49580cc0-ef6f-4bf4-b4a7-11da4b7025dd to d4fa8c52-dd77-4117-b198-9f6082e4d41c
[18Apr2022 00:22:59.600] [Server thread/INFO] [randompatches/]: Changing UUID of duplicate entity betteranimalsplus:deer from b2b7879a-17b0-4669-b736-4932f40d712f to 3e40092d-3f63-4004-8251-b2b95b9fe423
[18Apr2022 00:22:59.645] [Server thread/WARN] [net.minecraft.world.chunk.Chunk/]: Tried to load a DUMMY block entity @ BlockPos{x=1167, y=0, z=-7445} but found not block entity block Block{minecraft:bedrock} at location
[18Apr2022 00:22:59.645] [Server thread/WARN] [net.minecraft.world.chunk.Chunk/]: Tried to load a block entity for block Block{minecraft:bedrock} but failed at location BlockPos{x=1167, y=0, z=-7445}
[18Apr2022 00:22:59.645] [Server thread/WARN] [net.minecraft.world.chunk.Chunk/]: Tried to load a DUMMY block entity @ BlockPos{x=1153, y=0, z=-7444} but found not block entity block Block{minecraft:bedrock} at location
[18Apr2022 00:22:59.646] [Server thread/WARN] [net.minecraft.world.chunk.Chunk/]: Tried to load a block entity for block Block{minecraft:bedrock} but failed at location BlockPos{x=1153, y=0, z=-7444}
[18Apr2022 00:22:59.646] [Server thread/WARN] [net.minecraft.world.chunk.Chunk/]: Tried to load a DUMMY block entity @ BlockPos{x=1145, y=0, z=-7443} but found not block entity block Block{minecraft:bedrock} at location
[18Apr2022 00:22:59.646] [Server thread/WARN] [net.minecraft.world.chunk.Chunk/]: Tried to load a block entity for block Block{minecraft:bedrock} but failed at location BlockPos{x=1145, y=0, z=-7443}
[18Apr2022 00:22:59.646] [Server thread/WARN] [net.minecraft.world.chunk.Chunk/]: Tried to load a DUMMY block entity @ BlockPos{x=1147, y=0, z=-7441} but found not block entity block Block{minecraft:bedrock} at location
[18Apr2022 00:22:59.646] [Server thread/WARN] [net.minecraft.world.chunk.Chunk/]: Tried to load a block entity for block Block{minecraft:bedrock} but failed at location BlockPos{x=1147, y=0, z=-7441}
[18Apr2022 00:23:34.052] [Server thread/INFO] [net.minecraft.server.dedicated.DedicatedServer/]: Ellariana has made the advancement [A Clean Slate]
[18Apr2022 00:23:34.052] [Server thread/INFO] [net.minecraft.server.dedicated.DedicatedServer/]: ASwarmOfBees has made the advancement [A Clean Slate]
[18Apr2022 00:25:02.955] [Server thread/INFO] [net.minecraft.server.dedicated.DedicatedServer/]: Gave 64    [Andesite] to Ellariana
[18Apr2022 00:25:15.755] [Server thread/INFO] [net.minecraft.server.dedicated.DedicatedServer/]: Gave 64    [Granite] to Ellariana
[18Apr2022 00:25:34.204] [Server thread/INFO] [net.minecraft.server.dedicated.DedicatedServer/]: Gave 64    [Diorite] to Ellariana
[18Apr2022 00:27:01.606] [Server thread/INFO] [net.minecraftforge.common.AdvancementLoadFix/]: Using new advancement loading for net.minecraft.advancements.PlayerAdvancements@3bd463f3
[18Apr2022 00:27:08.908] [Server thread/ERROR] [net.minecraft.util.registry.WorldSettingsImport/]: Error adding element: Value 10 outside of range [0:7]
[18Apr2022 00:27:09.140] [Server thread/ERROR] [net.minecraft.util.registry.WorldSettingsImport/]: Error adding element: Value 10 outside of range [0:7]
[18Apr2022 00:27:09.398] [Server thread/ERROR] [net.minecraft.util.registry.WorldSettingsImport/]: Error adding element: Value 10 outside of range [0:7]
[18Apr2022 00:27:09.697] [Server thread/ERROR] [net.minecraft.util.registry.WorldSettingsImport/]: Error adding element: Value 10 outside of range [0:7]
[18Apr2022 00:32:08.828] [Server thread/ERROR] [net.minecraft.util.registry.WorldSettingsImport/]: Error adding element: Value 10 outside of range [0:7]
[18Apr2022 00:32:09.080] [Server thread/ERROR] [net.minecraft.util.registry.WorldSettingsImport/]: Error adding element: Value 10 outside of range [0:7]
[18Apr2022 00:32:09.337] [Server thread/ERROR] [net.minecraft.util.registry.WorldSettingsImport/]: Error adding element: Value 10 outside of range [0:7]
[18Apr2022 00:32:09.589] [Server thread/ERROR] [net.minecraft.util.registry.WorldSettingsImport/]: Error adding element: Value 10 outside of range [0:7]
[18Apr2022 00:33:22.236] [Server thread/WARN] [net.minecraft.network.play.ServerPlayNetHandler/]: ASwarmOfBees moved wrongly!
[18Apr2022 00:36:29.554] [Server thread/INFO] [net.minecraft.network.play.ServerPlayNetHandler/]: ASwarmOfBees lost connection: Disconnected
[18Apr2022 00:36:29.554] [Server thread/INFO] [net.minecraft.server.dedicated.DedicatedServer/]: ASwarmOfBees left the game
[18Apr2022 00:36:42.548] [Netty Epoll Server IO #4/INFO] [codechicken.lib.config.ConfigSyncManager/]: Skipping config sync, No mods have registered a syncable config.
[18Apr2022 00:36:42.976] [User Authenticator #5/INFO] [net.minecraft.network.login.ServerLoginNetHandler/]: UUID of player ASwarmOfBees is 2776f3cd-da14-4695-a9a7-78034663ebca
[18Apr2022 00:36:50.896] [Server thread/INFO] [net.minecraftforge.common.AdvancementLoadFix/]: Using new advancement loading for net.minecraft.advancements.PlayerAdvancements@704c3681
[18Apr2022 00:36:50.930] [Server thread/INFO] [net.minecraft.server.management.PlayerList/]: ASwarmOfBees[/73.67.161.12:51338] logged in with entity id 101297 at (905.5, 59.0, -8263.5)
[18Apr2022 00:36:50.934] [Server thread/INFO] [net.minecraft.server.dedicated.DedicatedServer/]: ASwarmOfBees joined the game
[18Apr2022 00:36:50.985] [Server thread/INFO] [harmonised.pmmo.ProjectMMOMod/]: Project MMO version: "3.63" Latest: "3.67"
[18Apr2022 00:37:08.807] [Server thread/ERROR] [net.minecraft.util.registry.WorldSettingsImport/]: Error adding element: Value 10 outside of range [0:7]
[18Apr2022 00:37:09.097] [Server thread/ERROR] [net.minecraft.util.registry.WorldSettingsImport/]: Error adding element: Value 10 outside of range [0:7]
[18Apr2022 00:37:09.320] [Server thread/ERROR] [net.minecraft.util.registry.WorldSettingsImport/]: Error adding element: Value 10 outside of range [0:7]
[18Apr2022 00:37:09.535] [Server thread/ERROR] [net.minecraft.util.registry.WorldSettingsImport/]: Error adding element: Value 10 outside of range [0:7]
[18Apr2022 00:42:08.795] [Server thread/ERROR] [net.minecraft.util.registry.WorldSettingsImport/]: Error adding element: Value 10 outside of range [0:7]
[18Apr2022 00:42:09.022] [Server thread/ERROR] [net.minecraft.util.registry.WorldSettingsImport/]: Error adding element: Value 10 outside of range [0:7]
[18Apr2022 00:42:09.247] [Server thread/ERROR] [net.minecraft.util.registry.WorldSettingsImport/]: Error adding element: Value 10 outside of range [0:7]
[18Apr2022 00:42:09.473] [Server thread/ERROR] [net.minecraft.util.registry.WorldSettingsImport/]: Error adding element: Value 10 outside of range [0:7]
[18Apr2022 00:47:08.793] [Server thread/ERROR] [net.minecraft.util.registry.WorldSettingsImport/]: Error adding element: Value 10 outside of range [0:7]
[18Apr2022 00:47:09.012] [Server thread/ERROR] [net.minecraft.util.registry.WorldSettingsImport/]: Error adding element: Value 10 outside of range [0:7]
[18Apr2022 00:47:09.230] [Server thread/ERROR] [net.minecraft.util.registry.WorldSettingsImport/]: Error adding element: Value 10 outside of range [0:7]
[18Apr2022 00:47:09.450] [Server thread/ERROR] [net.minecraft.util.registry.WorldSettingsImport/]: Error adding element: Value 10 outside of range [0:7]
[18Apr2022 00:47:15.704] [Server thread/INFO] [net.minecraft.server.dedicated.DedicatedServer/]: Gave 1    [End Castle Disc] to ASwarmOfBees
[18Apr2022 00:50:29.453] [Server thread/INFO] [net.minecraft.network.play.ServerPlayNetHandler/]: ASwarmOfBees lost connection: Disconnected
[18Apr2022 00:50:29.454] [Server thread/INFO] [net.minecraft.server.dedicated.DedicatedServer/]: ASwarmOfBees left the game
[18Apr2022 00:52:08.773] [Server thread/ERROR] [net.minecraft.util.registry.WorldSettingsImport/]: Error adding element: Value 10 outside of range [0:7]
[18Apr2022 00:52:09.023] [Server thread/ERROR] [net.minecraft.util.registry.WorldSettingsImport/]: Error adding element: Value 10 outside of range [0:7]
[18Apr2022 00:52:09.246] [Server thread/ERROR] [net.minecraft.util.registry.WorldSettingsImport/]: Error adding element: Value 10 outside of range [0:7]
[18Apr2022 00:52:09.508] [Server thread/ERROR] [net.minecraft.util.registry.WorldSettingsImport/]: Error adding element: Value 10 outside of range [0:7]
[18Apr2022 00:57:08.775] [Server thread/ERROR] [net.minecraft.util.registry.WorldSettingsImport/]: Error adding element: Value 10 outside of range [0:7]
[18Apr2022 00:57:09.025] [Server thread/ERROR] [net.minecraft.util.registry.WorldSettingsImport/]: Error adding element: Value 10 outside of range [0:7]
[18Apr2022 00:57:09.246] [Server thread/ERROR] [net.minecraft.util.registry.WorldSettingsImport/]: Error adding element: Value 10 outside of range [0:7]
[18Apr2022 00:57:09.469] [Server thread/ERROR] [net.minecraft.util.registry.WorldSettingsImport/]: Error adding element: Value 10 outside of range [0:7]
[18Apr2022 01:02:08.737] [Server thread/ERROR] [net.minecraft.util.registry.WorldSettingsImport/]: Error adding element: Value 10 outside of range [0:7]
[18Apr2022 01:02:08.953] [Server thread/ERROR] [net.minecraft.util.registry.WorldSettingsImport/]: Error adding element: Value 10 outside of range [0:7]
[18Apr2022 01:02:09.204] [Server thread/ERROR] [net.minecraft.util.registry.WorldSettingsImport/]: Error adding element: Value 10 outside of range [0:7]
[18Apr2022 01:02:09.434] [Server thread/ERROR] [net.minecraft.util.registry.WorldSettingsImport/]: Error adding element: Value 10 outside of range [0:7]
[18Apr2022 01:07:08.754] [Server thread/ERROR] [net.minecraft.util.registry.WorldSettingsImport/]: Error adding element: Value 10 outside of range [0:7]
[18Apr2022 01:07:08.968] [Server thread/ERROR] [net.minecraft.util.registry.WorldSettingsImport/]: Error adding element: Value 10 outside of range [0:7]
[18Apr2022 01:07:09.182] [Server thread/ERROR] [net.minecraft.util.registry.WorldSettingsImport/]: Error adding element: Value 10 outside of range [0:7]
[18Apr2022 01:07:09.434] [Server thread/ERROR] [net.minecraft.util.registry.WorldSettingsImport/]: Error adding element: Value 10 outside of range [0:7]
[18Apr2022 01:12:08.746] [Server thread/ERROR] [net.minecraft.util.registry.WorldSettingsImport/]: Error adding element: Value 10 outside of range [0:7]
[18Apr2022 01:12:08.998] [Server thread/ERROR] [net.minecraft.util.registry.WorldSettingsImport/]: Error adding element: Value 10 outside of range [0:7]
[18Apr2022 01:12:09.212] [Server thread/ERROR] [net.minecraft.util.registry.WorldSettingsImport/]: Error adding element: Value 10 outside of range [0:7]
[18Apr2022 01:12:09.433] [Server thread/ERROR] [net.minecraft.util.registry.WorldSettingsImport/]: Error adding element: Value 10 outside of range [0:7]
[18Apr2022 01:15:00.654] [Server thread/INFO] [net.minecraft.server.dedicated.DedicatedServer/]: Gave 1    [Smooth Stone Slab] to Ellariana
[18Apr2022 01:17:08.788] [Server thread/ERROR] [net.minecraft.util.registry.WorldSettingsImport/]: Error adding element: Value 10 outside of range [0:7]
[18Apr2022 01:17:09.025] [Server thread/ERROR] [net.minecraft.util.registry.WorldSettingsImport/]: Error adding element: Value 10 outside of range [0:7]
[18Apr2022 01:17:09.240] [Server thread/ERROR] [net.minecraft.util.registry.WorldSettingsImport/]: Error adding element: Value 10 outside of range [0:7]
[18Apr2022 01:17:09.500] [Server thread/ERROR] [net.minecraft.util.registry.WorldSettingsImport/]: Error adding element: Value 10 outside of range [0:7]
[18Apr2022 01:18:04.853] [Server thread/INFO] [net.minecraft.server.dedicated.DedicatedServer/]: Gave 128    [Redstone Dust] to Ellariana
[18Apr2022 01:18:32.703] [Server thread/INFO] [net.minecraft.server.dedicated.DedicatedServer/]: Gave 1    [Anvil] to Ellariana
[18Apr2022 01:21:30.656] [Server thread/INFO] [net.minecraft.server.dedicated.DedicatedServer/]: Gave 64    [Andesite] to Ellariana
[18Apr2022 01:21:37.703] [Server thread/INFO] [net.minecraft.server.dedicated.DedicatedServer/]: Gave 64    [Granite] to Ellariana
[18Apr2022 01:21:58.803] [Server thread/INFO] [net.minecraft.server.dedicated.DedicatedServer/]: Gave 64    [Diorite] to Ellariana
[18Apr2022 01:22:08.787] [Server thread/ERROR] [net.minecraft.util.registry.WorldSettingsImport/]: Error adding element: Value 10 outside of range [0:7]
[18Apr2022 01:22:08.996] [Server thread/ERROR] [net.minecraft.util.registry.WorldSettingsImport/]: Error adding element: Value 10 outside of range [0:7]
[18Apr2022 01:22:09.205] [Server thread/ERROR] [net.minecraft.util.registry.WorldSettingsImport/]: Error adding element: Value 10 outside of range [0:7]
[18Apr2022 01:22:09.414] [Server thread/ERROR] [net.minecraft.util.registry.WorldSettingsImport/]: Error adding element: Value 10 outside of range [0:7]
[18Apr2022 01:24:14.801] [Server thread/INFO] [net.minecraft.entity.Entity/]: Villager VillagerEntityMCA['Zachary'/1652, l='ServerLevel[Mythica]', x=1205.22, y=62.00, z=-8038.78] died, message: 'Zachary suffocated in a wall'
[18Apr2022 01:27:08.748] [Server thread/ERROR] [net.minecraft.util.registry.WorldSettingsImport/]: Error adding element: Value 10 outside of range [0:7]
[18Apr2022 01:27:09.008] [Server thread/ERROR] [net.minecraft.util.registry.WorldSettingsImport/]: Error adding element: Value 10 outside of range [0:7]
[18Apr2022 01:27:09.235] [Server thread/ERROR] [net.minecraft.util.registry.WorldSettingsImport/]: Error adding element: Value 10 outside of range [0:7]
[18Apr2022 01:27:09.452] [Server thread/ERROR] [net.minecraft.util.registry.WorldSettingsImport/]: Error adding element: Value 10 outside of range [0:7]
[18Apr2022 01:32:08.745] [Server thread/ERROR] [net.minecraft.util.registry.WorldSettingsImport/]: Error adding element: Value 10 outside of range [0:7]
[18Apr2022 01:32:08.954] [Server thread/ERROR] [net.minecraft.util.registry.WorldSettingsImport/]: Error adding element: Value 10 outside of range [0:7]
[18Apr2022 01:32:09.218] [Server thread/ERROR] [net.minecraft.util.registry.WorldSettingsImport/]: Error adding element: Value 10 outside of range [0:7]
[18Apr2022 01:32:09.440] [Server thread/ERROR] [net.minecraft.util.registry.WorldSettingsImport/]: Error adding element: Value 10 outside of range [0:7]
[18Apr2022 01:33:13.601] [Server thread/INFO] [net.minecraft.network.play.ServerPlayNetHandler/]: Ellariana lost connection: Disconnected
[18Apr2022 01:33:13.601] [Server thread/INFO] [net.minecraft.server.dedicated.DedicatedServer/]: Ellariana left the game
[18Apr2022 01:36:17.649] [Server thread/INFO] [net.minecraft.server.dedicated.DedicatedServer/]: Stopping the server
[18Apr2022 01:36:17.699] [Server thread/INFO] [com.desagas.biomeidfixer.BiomeIdFixer/]: Desagas: started 'FMLServerStoppingEvent' processes.
[18Apr2022 01:36:17.699] [Server thread/INFO] [com.desagas.biomeidfixer.BiomeIdFixer/]: Desagas: ended 'FMLServerStoppingEvent' processes.
[18Apr2022 01:36:17.704] [Server thread/INFO] [net.minecraft.server.MinecraftServer/]: Stopping server
[18Apr2022 01:36:17.705] [Server thread/INFO] [net.minecraft.server.MinecraftServer/]: Saving players
[18Apr2022 01:36:17.705] [Server thread/INFO] [net.minecraft.server.MinecraftServer/]: Saving worlds
[18Apr2022 01:36:17.705] [Server thread/INFO] [net.minecraft.server.MinecraftServer/]: Saving chunks for level 'ServerLevel[Mythica]'/minecraft:overworld
[18Apr2022 01:36:18.672] [Server thread/INFO] [net.minecraft.world.server.ChunkManager/]: ThreadedAnvilChunkStorage (world): All chunks are saved
[18Apr2022 01:36:18.672] [Server thread/INFO] [net.minecraft.server.MinecraftServer/]: Saving chunks for level 'ServerLevel[Mythica]'/minecraft:the_nether
[18Apr2022 01:36:18.682] [Server thread/INFO] [net.minecraft.world.server.ChunkManager/]: ThreadedAnvilChunkStorage (DIM-1): All chunks are saved
[18Apr2022 01:36:18.682] [Server thread/INFO] [net.minecraft.server.MinecraftServer/]: Saving chunks for level 'ServerLevel[Mythica]'/minecraft:the_end
[18Apr2022 01:36:18.692] [Server thread/INFO] [net.minecraft.world.server.ChunkManager/]: ThreadedAnvilChunkStorage (DIM1): All chunks are saved
[18Apr2022 01:36:18.722] [Server thread/ERROR] [net.minecraft.util.registry.WorldSettingsImport/]: Error adding element: Value 10 outside of range [0:7]
[18Apr2022 01:36:18.911] [Server thread/ERROR] [net.minecraft.util.registry.WorldSettingsImport/]: Error adding element: Value 10 outside of range [0:7]
[18Apr2022 01:36:19.101] [Server thread/ERROR] [net.minecraft.util.registry.WorldSettingsImport/]: Error adding element: Value 10 outside of range [0:7]
[18Apr2022 01:36:19.311] [Server thread/ERROR] [net.minecraft.util.registry.WorldSettingsImport/]: Error adding element: Value 10 outside of range [0:7]
[18Apr2022 01:36:19.644] [Server thread/INFO] [net.minecraft.world.server.ChunkManager/]: ThreadedAnvilChunkStorage (world): All chunks are saved
[18Apr2022 01:36:19.859] [Server thread/INFO] [net.minecraft.world.server.ChunkManager/]: ThreadedAnvilChunkStorage (DIM-1): All chunks are saved
[18Apr2022 01:36:19.990] [Server thread/INFO] [net.minecraft.world.server.ChunkManager/]: ThreadedAnvilChunkStorage (DIM1): All chunks are saved
